[2025-11-17 11:16:30.165] [info] Search mods...
[2025-11-17 11:16:30.165] [info] Path: "<game dir>/mods/.ubi"
[2025-11-17 11:16:30.165] [info] Path: "<game dir>/mods" (enabled by default)
[2025-11-17 11:16:30.165] [info] Path: "C:/Users/kenny/Documents/Anno 117 - Pax Romana/mods" (enabled by default)
[2025-11-17 11:16:30.170] [info] Enabled mods: 4 (plus -2 nested)
[2025-11-17 11:16:30.217] [info] Load "[Cheat] Infinite Money" infinite-money-ubi@1.0.2 (from "mods/.ubi/infinite-money-ubi")
[2025-11-17 11:16:30.218] [info] Load "[Tools] Hot Reload" hot-reload-ubi@1.0.1 (from "mods/.ubi/hot-reload-ubi")
[2025-11-17 11:16:30.283] [info] Patching completed in 0s
[2025-11-17 11:17:42.331] [info] Search mods...
[2025-11-17 11:17:42.331] [info] Path: "<game dir>/mods/.ubi"
[2025-11-17 11:17:42.331] [info] Path: "<game dir>/mods" (enabled by default)
[2025-11-17 11:17:42.331] [info] Path: "C:/Users/kenny/Documents/Anno 117 - Pax Romana/mods" (enabled by default)
[2025-11-17 11:17:42.337] [info] Enabled mods: 4 (plus -2 nested)
[2025-11-17 11:17:42.393] [info] Load "[Cheat] Infinite Money" infinite-money-ubi@1.0.2 (from "mods/.ubi/infinite-money-ubi")
[2025-11-17 11:17:42.394] [info] Load "[Tools] Hot Reload" hot-reload-ubi@1.0.1 (from "mods/.ubi/hot-reload-ubi")
[2025-11-17 11:17:42.470] [info] Patching completed in 0s
[2025-11-17 11:18:20.638] [info] Search mods...
[2025-11-17 11:18:20.638] [info] Path: "<game dir>/mods/.ubi"
[2025-11-17 11:18:20.638] [info] Path: "<game dir>/mods" (enabled by default)
[2025-11-17 11:18:20.638] [info] Path: "C:/Users/kenny/Documents/Anno 117 - Pax Romana/mods" (enabled by default)
[2025-11-17 11:18:20.643] [info] Enabled mods: 4 (plus -2 nested)
[2025-11-17 11:18:20.696] [info] Load "[Cheat] Infinite Money" infinite-money-ubi@1.0.2 (from "mods/.ubi/infinite-money-ubi")
[2025-11-17 11:18:20.697] [info] Load "[Tools] Hot Reload" hot-reload-ubi@1.0.1 (from "mods/.ubi/hot-reload-ubi")
[2025-11-17 11:18:20.771] [info] Patching completed in 0s
[2025-11-17 11:19:59.685] [info] Search mods...
[2025-11-17 11:19:59.685] [info] Path: "<game dir>/mods/.ubi"
[2025-11-17 11:19:59.685] [info] Path: "<game dir>/mods" (enabled by default)
[2025-11-17 11:19:59.685] [info] Path: "C:/Users/kenny/Documents/Anno 117 - Pax Romana/mods" (enabled by default)
[2025-11-17 11:19:59.692] [info] Enabled mods: 4 (plus -2 nested)
[2025-11-17 11:19:59.744] [info] Load "[Cheat] Infinite Money" infinite-money-ubi@1.0.2 (from "mods/.ubi/infinite-money-ubi")
[2025-11-17 11:19:59.745] [info] Load "[Tools] Hot Reload" hot-reload-ubi@1.0.1 (from "mods/.ubi/hot-reload-ubi")
[2025-11-17 11:19:59.821] [info] Patching completed in 0s
[2025-11-17 11:20:27.259] [info] Search mods...
[2025-11-17 11:20:27.259] [info] Path: "<game dir>/mods/.ubi"
[2025-11-17 11:20:27.259] [info] Path: "<game dir>/mods" (enabled by default)
[2025-11-17 11:20:27.259] [info] Path: "C:/Users/kenny/Documents/Anno 117 - Pax Romana/mods" (enabled by default)
[2025-11-17 11:20:27.264] [info] Enabled mods: 3 (plus -1 nested)
[2025-11-17 11:20:27.307] [info] Load "[Cheat] Infinite Money" infinite-money-ubi@1.0.2 (from "mods/.ubi/infinite-money-ubi")
[2025-11-17 11:20:27.308] [info] Load "[Tools] Hot Reload" hot-reload-ubi@1.0.1 (from "mods/.ubi/hot-reload-ubi")
[2025-11-17 11:20:27.383] [info] Patching completed in 0s
[2025-11-17 11:21:20.751] [info] Search mods...
[2025-11-17 11:21:20.751] [info] Path: "<game dir>/mods/.ubi"
[2025-11-17 11:21:20.751] [info] Path: "<game dir>/mods" (enabled by default)
[2025-11-17 11:21:20.751] [info] Path: "C:/Users/kenny/Documents/Anno 117 - Pax Romana/mods" (enabled by default)
[2025-11-17 11:21:20.755] [info] Enabled mods: 3 (plus 0 nested)
[2025-11-17 11:21:20.791] [info] Load "[Cheat] Infinite Money" infinite-money-ubi@1.0.2 (from "mods/.ubi/infinite-money-ubi")
[2025-11-17 11:21:20.792] [info] Load "[QoL] Free Farmfield Placement" free-farmfields-ubi@1.0.1 (from "mods/.ubi/free-farmfields-ubi")
[2025-11-17 11:21:20.807] [info] Load "[Tools] Hot Reload" hot-reload-ubi@1.0.1 (from "mods/.ubi/hot-reload-ubi")
[2025-11-17 11:21:20.870] [info] Patching completed in 0s
[2025-11-17 11:22:56.350] [info] Search mods...
[2025-11-17 11:22:56.350] [info] Path: "<game dir>/mods/.ubi"
[2025-11-17 11:22:56.350] [info] Path: "<game dir>/mods" (enabled by default)
[2025-11-17 11:22:56.350] [info] Path: "C:/Users/kenny/Documents/Anno 117 - Pax Romana/mods" (enabled by default)
[2025-11-17 11:22:56.356] [info] Enabled mods: 4 (plus -1 nested)
[2025-11-17 11:22:56.403] [info] Load "[Cheat] Infinite Money" infinite-money-ubi@1.0.2 (from "mods/.ubi/infinite-money-ubi")
[2025-11-17 11:22:56.404] [info] Load "[QoL] Free Farmfield Placement" free-farmfields-ubi@1.0.1 (from "mods/.ubi/free-farmfields-ubi")
[2025-11-17 11:22:56.421] [info] Load "[Tools] Hot Reload" hot-reload-ubi@1.0.1 (from "mods/.ubi/hot-reload-ubi")
[2025-11-17 11:22:56.484] [info] Patching completed in 0s
[2025-11-17 11:37:27.364] [info] Search mods...
[2025-11-17 11:37:27.364] [info] Path: "<game dir>/mods/.ubi"
[2025-11-17 11:37:27.364] [info] Path: "<game dir>/mods" (enabled by default)
[2025-11-17 11:37:27.364] [info] Path: "C:/Users/kenny/Documents/Anno 117 - Pax Romana/mods" (enabled by default)
[2025-11-17 11:37:27.371] [error] production-wood-triple: modinfo.json: 'Anno' is missing
[2025-11-17 11:37:27.371] [error] production-wood-triple: is not the correct game version. Expected "Anno": 8 in modinfo.json
[2025-11-17 11:37:27.371] [info] Enabled mods: 4 (plus -1 nested)
[2025-11-17 11:37:27.418] [info] Load "[Cheat] Infinite Money" infinite-money-ubi@1.0.2 (from "mods/.ubi/infinite-money-ubi")
[2025-11-17 11:37:27.419] [info] Load "[QoL] Free Farmfield Placement" free-farmfields-ubi@1.0.1 (from "mods/.ubi/free-farmfields-ubi")
[2025-11-17 11:37:27.436] [info] Load "[Tools] Hot Reload" hot-reload-ubi@1.0.1 (from "mods/.ubi/hot-reload-ubi")
[2025-11-17 11:37:27.499] [info] Patching completed in 0s
[2025-11-17 11:40:07.337] [info] Search mods...
[2025-11-17 11:40:07.337] [info] Path: "<game dir>/mods/.ubi"
[2025-11-17 11:40:07.337] [info] Path: "<game dir>/mods" (enabled by default)
[2025-11-17 11:40:07.337] [info] Path: "C:/Users/kenny/Documents/Anno 117 - Pax Romana/mods" (enabled by default)
[2025-11-17 11:40:07.343] [info] Enabled mods: 5 (plus -1 nested)
[2025-11-17 11:40:07.382] [info] Load "[Cheat] Infinite Money" infinite-money-ubi@1.0.2 (from "mods/.ubi/infinite-money-ubi")
[2025-11-17 11:40:07.383] [info] Load "[Cheat] wood production tripled" production-wood-triple@1.0.1 (from "C:/Users/kenny/Documents/Anno 117 - Pax Romana/mods/production-wood-triple")
[2025-11-17 11:40:07.386] [warning] production-wood-triple: No matching node for Path "//Asset[Values/Standard/GUID='2878']/Values/Production" (data/base/config/export/assets.xml:2)
[2025-11-17 11:40:07.387] [warning] production-wood-triple: No matching node for Path "//Asset[Values/Standard/GUID='5976']/Values/Production" (data/base/config/export/assets.xml:5)
[2025-11-17 11:40:07.387] [info] Load "[QoL] Free Farmfield Placement" free-farmfields-ubi@1.0.1 (from "mods/.ubi/free-farmfields-ubi")
[2025-11-17 11:40:07.403] [info] Load "[Tools] Hot Reload" hot-reload-ubi@1.0.1 (from "mods/.ubi/hot-reload-ubi")
[2025-11-17 11:40:07.465] [info] Patching completed in 0s
[2025-11-17 11:43:08.482] [info] Search mods...
[2025-11-17 11:43:08.482] [info] Path: "<game dir>/mods/.ubi"
[2025-11-17 11:43:08.482] [info] Path: "<game dir>/mods" (enabled by default)
[2025-11-17 11:43:08.482] [info] Path: "C:/Users/kenny/Documents/Anno 117 - Pax Romana/mods" (enabled by default)
[2025-11-17 11:43:08.487] [info] Enabled mods: 5 (plus -1 nested)
[2025-11-17 11:43:08.526] [info] Load "[Cheat] Infinite Money" infinite-money-ubi@1.0.2 (from "mods/.ubi/infinite-money-ubi")
[2025-11-17 11:43:08.527] [info] Load "[Cheat] wood production tripled" production-wood-triple@1.0.1 (from "C:/Users/kenny/Documents/Anno 117 - Pax Romana/mods/production-wood-triple")
[2025-11-17 11:43:08.531] [info] Load "[QoL] Free Farmfield Placement" free-farmfields-ubi@1.0.1 (from "mods/.ubi/free-farmfields-ubi")
[2025-11-17 11:43:08.547] [info] Load "[Tools] Hot Reload" hot-reload-ubi@1.0.1 (from "mods/.ubi/hot-reload-ubi")
[2025-11-17 11:43:08.609] [info] Patching completed in 0s
[2025-11-17 11:43:32.074] [info] Search mods...
[2025-11-17 11:43:32.074] [info] Path: "<game dir>/mods/.ubi"
[2025-11-17 11:43:32.074] [info] Path: "<game dir>/mods" (enabled by default)
[2025-11-17 11:43:32.074] [info] Path: "C:/Users/kenny/Documents/Anno 117 - Pax Romana/mods" (enabled by default)
[2025-11-17 11:43:32.080] [info] Enabled mods: 5 (plus -1 nested)
[2025-11-17 11:43:32.114] [info] Load "[Cheat] Infinite Money" infinite-money-ubi@1.0.2 (from "mods/.ubi/infinite-money-ubi")
[2025-11-17 11:43:32.115] [info] Load "[Cheat] wood production tripled" production-wood-triple@1.0.1 (from "C:/Users/kenny/Documents/Anno 117 - Pax Romana/mods/production-wood-triple")
[2025-11-17 11:43:32.118] [info] Load "[QoL] Free Farmfield Placement" free-farmfields-ubi@1.0.1 (from "mods/.ubi/free-farmfields-ubi")
[2025-11-17 11:43:32.134] [info] Load "[Tools] Hot Reload" hot-reload-ubi@1.0.1 (from "mods/.ubi/hot-reload-ubi")
[2025-11-17 11:43:32.196] [info] Patching completed in 0s
